[freetemplates.bz/design/wieldstrem/index.html]
[backblue.gif]
[fade.gif]
[index.html]
[freetemplates.bz/design/wieldstrem/css/stylesheet.css]
[freetemplates.bz/design/wieldstrem/css/layerslider.css]
[freetemplates.bz/design/wieldstrem/css/prettyPhoto.css]
[ajax.googleapis.com/ajax/libs/jquery/1.7.1/jquery.min.js]
[freetemplates.bz/design/wieldstrem/js/jquery-easing-1.3.js]
[freetemplates.bz/design/wieldstrem/js/menu.js]
[freetemplates.bz/design/wieldstrem/js/custom.js]
[freetemplates.bz/design/wieldstrem/js/jquery.quicksand.js]
[freetemplates.bz/design/wieldstrem/index-2.html]
[freetemplates.bz/design/wieldstrem/js/jquery.prettyPhoto.js]
[freetemplates.bz/design/wieldstrem/images/logo.png]
[freetemplates.bz/design/wieldstrem/images/facebook.png]
[freetemplates.bz/design/wieldstrem/images/twitter.png]
[freetemplates.bz/design/wieldstrem/images/google+.png]
[freetemplates.bz/design/wieldstrem/images/youtube.png]
[freetemplates.bz/design/wieldstrem/images/dribbble.png]
[freetemplates.bz/design/wieldstrem/about.html]
[freetemplates.bz/design/wieldstrem/Academics.html]
[freetemplates.bz/design/wieldstrem/Admision.html]
[freetemplates.bz/design/wieldstrem/compus-life.html]
[freetemplates.bz/design/wieldstrem/location.html]
[freetemplates.bz/design/wieldstrem/blog.html]
[freetemplates.bz/design/wieldstrem/blog-details.html]
[freetemplates.bz/design/wieldstrem/research.html]
[freetemplates.bz/design/wieldstrem/course.html]
[freetemplates.bz/design/wieldstrem/images/apply-now-buttion.png]
[freetemplates.bz/design/wieldstrem/images/banner1.png]
[freetemplates.bz/design/wieldstrem/images/banner2.png]
[freetemplates.bz/design/wieldstrem/images/banner3.png]
[freetemplates.bz/design/wieldstrem/images/banner4.png]
[freetemplates.bz/design/wieldstrem/images/college.png]
[freetemplates.bz/design/wieldstrem/images/rss.png]
[freetemplates.bz/design/wieldstrem/images/spotlight-image.png]
[freetemplates.bz/design/wieldstrem/images/news-image1.png]
[freetemplates.bz/design/wieldstrem/images/news-image2.png]
[freetemplates.bz/design/wieldstrem/images/news-image3.png]
[freetemplates.bz/design/wieldstrem/images/view.png]
[freetemplates.bz/design/wieldstrem/images/video.png]
[freetemplates.bz/design/wieldstrem/images/mo-image-big-2.jpg]
[freetemplates.bz/design/wieldstrem/images/mo-image2.png]
[freetemplates.bz/design/wieldstrem/images/photo.png]
[freetemplates.bz/design/wieldstrem/images/mo-image-big-3.jpg]
[freetemplates.bz/design/wieldstrem/images/mo-image3.png]
[freetemplates.bz/design/wieldstrem/images/mo-image1.png]
[freetemplates.bz/design/wieldstrem/images/footer-logo.png]
[freetemplates.bz/design/wieldstrem/js/layerslider.kreaturamedia.jquery-min.js]
[freetemplates.bz/design/wieldstrem/index.html]
[freetemplates.bz/design/wieldstrem/font/MyriadPro-Regular.otf]
[freetemplates.bz/design/wieldstrem/font/MyriadPro-Bold.otf]
[freetemplates.bz/design/wieldstrem/images/bg.png]
[freetemplates.bz/design/wieldstrem/images/Headr-border.png]
[freetemplates.bz/design/wieldstrem/images/header-shadow.png]
[freetemplates.bz/design/wieldstrem/images/footer-bg.png]
[freetemplates.bz/design/wieldstrem/images/search-bg.png]
[freetemplates.bz/design/wieldstrem/images/top-menu-bu.png]
[freetemplates.bz/design/wieldstrem/images/menu-left.png]
[freetemplates.bz/design/wieldstrem/images/menu-bg.png]
[freetemplates.bz/design/wieldstrem/images/divater.png]
[freetemplates.bz/design/wieldstrem/images/banner-bg.png]
[freetemplates.bz/design/wieldstrem/images/welcome-bg.png]
[freetemplates.bz/design/wieldstrem/images/spot-bg.png]
[freetemplates.bz/design/wieldstrem/images/event-part-bg.png]
[freetemplates.bz/design/wieldstrem/images/divater-list.png]
[freetemplates.bz/design/wieldstrem/images/footer-bottom.png]
[freetemplates.bz/design/wieldstrem/images/footer-round-corner.png]
[freetemplates.bz/design/wieldstrem/images/arrow.png]
[freetemplates.bz/design/wieldstrem/images/round-top.png]
[freetemplates.bz/design/wieldstrem/images/sidebar-border.png]
[freetemplates.bz/design/wieldstrem/images/plus.png]
[freetemplates.bz/design/wieldstrem/images/minase.png]
[freetemplates.bz/design/wieldstrem/images/pdf.png]
[freetemplates.bz/design/wieldstrem/images/admin.png]
[freetemplates.bz/design/wieldstrem/images/search-bg2.png]
[freetemplates.bz/design/wieldstrem/images/blog-arrow.png]
[freetemplates.bz/design/wieldstrem/images/divater-com.png]
[freetemplates.bz/design/wieldstrem/images/back_to_top_btn.png]
[freetemplates.bz/design/wieldstrem/css/stylesheet.css]
[freetemplates.bz/design/wieldstrem/images/flex-next.png]
[freetemplates.bz/design/wieldstrem/images/flex-prev.png]
[freetemplates.bz/design/wieldstrem/css/layerslider.css]
[freetemplates.bz/design/wieldstrem/images/prettyPhoto/light_rounded/sprite.png]
[freetemplates.bz/design/wieldstrem/images/prettyPhoto/light_rounded/btnNext.png]
[freetemplates.bz/design/wieldstrem/images/prettyPhoto/light_rounded/btnPrevious.png]
[freetemplates.bz/design/wieldstrem/images/prettyPhoto/light_rounded/loader.gif]
[freetemplates.bz/design/wieldstrem/images/prettyPhoto/dark_rounded/sprite.png]
[freetemplates.bz/design/wieldstrem/images/prettyPhoto/dark_rounded/contentPattern.png]
[freetemplates.bz/design/wieldstrem/images/prettyPhoto/dark_rounded/btnNext.png]
[freetemplates.bz/design/wieldstrem/images/prettyPhoto/dark_rounded/btnPrevious.png]
[freetemplates.bz/design/wieldstrem/images/prettyPhoto/dark_rounded/loader.gif]
[freetemplates.bz/design/wieldstrem/images/prettyPhoto/dark_square/contentPattern.png]
[freetemplates.bz/design/wieldstrem/images/prettyPhoto/dark_square/sprite.png]
[freetemplates.bz/design/wieldstrem/images/prettyPhoto/dark_square/btnNext.png]
[freetemplates.bz/design/wieldstrem/images/prettyPhoto/dark_square/btnPrevious.png]
[freetemplates.bz/design/wieldstrem/images/prettyPhoto/light_square/sprite.png]
[freetemplates.bz/design/wieldstrem/images/prettyPhoto/light_square/btnNext.png]
[freetemplates.bz/design/wieldstrem/images/prettyPhoto/light_square/btnPrevious.png]
[freetemplates.bz/design/wieldstrem/images/prettyPhoto/facebook/sprite.5d.delayed]
[freetemplates.bz/design/wieldstrem/images/prettyPhoto/facebook/contentPatternTop.5e.delayed]
[freetemplates.bz/design/wieldstrem/images/prettyPhoto/facebook/contentPatternLeft.5f.delayed]
[freetemplates.bz/design/wieldstrem/images/prettyPhoto/facebook/contentPatternRight.60.delayed]
[freetemplates.bz/design/wieldstrem/images/prettyPhoto/facebook/loader.61.delayed]
[freetemplates.bz/design/wieldstrem/images/prettyPhoto/facebook/btnNext.62.delayed]
[freetemplates.bz/design/wieldstrem/images/prettyPhoto/facebook/btnPrevious.63.delayed]
[freetemplates.bz/design/wieldstrem/images/prettyPhoto/facebook/contentPatternBottom.64.delayed]
[freetemplates.bz/design/wieldstrem/images/prettyPhoto/facebook/default_thumbnail.65.delayed]
[freetemplates.bz/design/wieldstrem/css/prettyPhoto.css]
[freetemplates.bz/design/wieldstrem/index-2.html]
[freetemplates.bz/design/wieldstrem/js/shortcodes.js]
[freetemplates.bz/design/wieldstrem/images/about-image.png]
[freetemplates.bz/design/wieldstrem/images/sitebar-top.png]
[freetemplates.bz/design/wieldstrem/images/download.png]
[freetemplates.bz/design/wieldstrem/images/news-image.png]
[freetemplates.bz/design/wieldstrem/images/sitebar-bottom.png]
[freetemplates.bz/design/wieldstrem/about.html]
[freetemplates.bz/design/wieldstrem/images/acdamic.png]
[freetemplates.bz/design/wieldstrem/Academics.html]
[freetemplates.bz/design/wieldstrem/images/apply.png]
[freetemplates.bz/design/wieldstrem/Admision.html]
[freetemplates.bz/design/wieldstrem/images/campus.png]
[freetemplates.bz/design/wieldstrem/images/cam-image1.png]
[freetemplates.bz/design/wieldstrem/images/cam-image2.png]
[freetemplates.bz/design/wieldstrem/images/cam-image3.png]
[freetemplates.bz/design/wieldstrem/compus-life.html]
[freetemplates.bz/design/wieldstrem/images/send-now.png]
[freetemplates.bz/design/wieldstrem/location.html]
[freetemplates.bz/design/wieldstrem/images/tag.png]
[freetemplates.bz/design/wieldstrem/images/comments.png]
[freetemplates.bz/design/wieldstrem/images/blog-image1.png]
[freetemplates.bz/design/wieldstrem/images/blog-image2.png]
[freetemplates.bz/design/wieldstrem/images/blog-image3.png]
[freetemplates.bz/design/wieldstrem/images/arrow-left.png]
[freetemplates.bz/design/wieldstrem/images/arrow-right.png]
[freetemplates.bz/design/wieldstrem/images/latest-post-image1.png]
[freetemplates.bz/design/wieldstrem/images/latest-post-image2.png]
[freetemplates.bz/design/wieldstrem/images/latest-post-image3.png]
[freetemplates.bz/design/wieldstrem/images/latest-post-image4.png]
[freetemplates.bz/design/wieldstrem/blog.html]
[freetemplates.bz/design/wieldstrem/images/avater.png]
[freetemplates.bz/design/wieldstrem/images/post-now.png]
[freetemplates.bz/design/wieldstrem/blog-details.html]
[freetemplates.bz/design/wieldstrem/images/resarch.png]
[freetemplates.bz/design/wieldstrem/research.html]
[freetemplates.bz/design/wieldstrem/course.html]
[freetemplates.bz/design/wieldstrem/images/prettyPhoto/facebook/sprite.html]
[freetemplates.bz/design/wieldstrem/images/prettyPhoto/facebook/contentPatternTop.html]
[freetemplates.bz/design/wieldstrem/images/prettyPhoto/facebook/contentPatternLeft.html]
[freetemplates.bz/design/wieldstrem/images/prettyPhoto/facebook/contentPatternRight.html]
[freetemplates.bz/design/wieldstrem/images/prettyPhoto/facebook/loader.html]
[freetemplates.bz/design/wieldstrem/images/prettyPhoto/facebook/btnNext.html]
[freetemplates.bz/design/wieldstrem/images/prettyPhoto/facebook/btnPrevious.html]
[freetemplates.bz/design/wieldstrem/images/prettyPhoto/facebook/contentPatternBottom.html]
[freetemplates.bz/design/wieldstrem/images/prettyPhoto/facebook/default_thumbnail.html]
